23:43:29 3420 [Test worker] INFO  - Start find element -->By.xpath: //*[@resource-id = 'com.example.svetlana.scheduler:id/app_version_res']
23:43:32 7099 [Test worker] INFO  - Start find element -->By.xpath: //*[@resource-id = 'com.example.svetlana.scheduler:id/app_version_res']
23:43:43 17883 [Test worker] INFO  - Start find element -->By.xpath: //*[@resource-id = 'com.example.svetlana.scheduler:id/app_version_res']
23:44:32 66258 [Test worker] INFO  - Start find element -->By.xpath: //*[@resource-id = 'com.example.svetlana.scheduler:id/app_version_res']
23:44:32 67016 [Test worker] INFO  - Start find element -->By.chained({By.xpath: //*[@resource-id ='com.example.svetlana.scheduler:id/log_email_input']})
23:44:36 70289 [Test worker] INFO  - Start find element -->By.chained({By.xpath: //*[@resource-id ='com.example.svetlana.scheduler:id/log_email_input']})
23:44:37 71935 [Test worker] INFO  - Start find element -->By.chained({By.xpath: //*[@resource-id ='com.example.svetlana.scheduler:id/log_email_input']})
23:44:38 72684 [Test worker] INFO  - Start find element -->By.chained({By.xpath: //*[@resource-id ='com.example.svetlana.scheduler:id/log_password_input']})
23:44:40 74244 [Test worker] INFO  - Start find element -->By.chained({By.xpath: //*[@resource-id ='com.example.svetlana.scheduler:id/log_password_input']})
23:44:40 74484 [Test worker] INFO  - Start find element -->By.chained({By.xpath: //*[@resource-id ='com.example.svetlana.scheduler:id/log_password_input']})
23:44:49 83165 [Test worker] INFO  - Start find element -->By.chained({By.xpath: //*[@resource-id ='com.example.svetlana.scheduler:id/login_btn']})
23:44:49 83398 [Test worker] INFO  - Start find element -->By.xpath: //*[@resource-id = 'com.example.svetlana.scheduler:id/wizard_settings_skip_container']
23:44:59 94110 [Test worker] INFO  - Start find element -->By.chained({By.xpath: //*[@resource-id = 'com.example.svetlana.scheduler:id/fab_main']})
23:45:30 124737 [Test worker] INFO  - Start find element -->By.xpath: //*[@resource-id = 'com.example.svetlana.scheduler:id/app_version_res']
23:45:31 125306 [Test worker] INFO  - Start find element -->By.chained({By.xpath: //*[@resource-id ='com.example.svetlana.scheduler:id/log_email_input']})
23:45:35 129331 [Test worker] INFO  - Start find element -->By.chained({By.xpath: //*[@resource-id ='com.example.svetlana.scheduler:id/log_email_input']})
23:45:36 130632 [Test worker] INFO  - Start find element -->By.chained({By.xpath: //*[@resource-id ='com.example.svetlana.scheduler:id/log_email_input']})
23:45:37 131478 [Test worker] INFO  - Start find element -->By.chained({By.xpath: //*[@resource-id ='com.example.svetlana.scheduler:id/log_password_input']})
23:45:38 132249 [Test worker] INFO  - Start find element -->By.chained({By.xpath: //*[@resource-id ='com.example.svetlana.scheduler:id/log_password_input']})
23:45:38 132968 [Test worker] INFO  - Start find element -->By.chained({By.xpath: //*[@resource-id ='com.example.svetlana.scheduler:id/log_password_input']})
23:45:45 139381 [Test worker] INFO  - Start find element -->By.chained({By.xpath: //*[@resource-id ='com.example.svetlana.scheduler:id/login_btn']})
23:45:46 140227 [Test worker] INFO  - Start find element -->By.xpath: //*[@resource-id = 'com.example.svetlana.scheduler:id/wizard_settings_skip_container']
23:45:56 150975 [Test worker] INFO  - Start find element -->By.chained({By.xpath: //*[@resource-id = 'com.example.svetlana.scheduler:id/fab_main']})
23:46:26 180901 [Test worker] INFO  - Start find element -->By.xpath: //*[@resource-id = 'com.example.svetlana.scheduler:id/app_version_res']
23:46:27 181606 [Test worker] INFO  - Start find element -->By.chained({By.xpath: //*[@resource-id ='com.example.svetlana.scheduler:id/log_email_input']})
23:46:32 186749 [Test worker] INFO  - Start find element -->By.chained({By.xpath: //*[@resource-id ='com.example.svetlana.scheduler:id/log_email_input']})
23:46:32 186975 [Test worker] INFO  - Start find element -->By.chained({By.xpath: //*[@resource-id ='com.example.svetlana.scheduler:id/log_email_input']})
23:46:34 188300 [Test worker] INFO  - Start find element -->By.chained({By.xpath: //*[@resource-id ='com.example.svetlana.scheduler:id/log_password_input']})
23:46:35 189702 [Test worker] INFO  - Start find element -->By.chained({By.xpath: //*[@resource-id ='com.example.svetlana.scheduler:id/log_password_input']})
23:46:35 189838 [Test worker] INFO  - Start find element -->By.chained({By.xpath: //*[@resource-id ='com.example.svetlana.scheduler:id/log_password_input']})
23:46:42 196800 [Test worker] INFO  - Start find element -->By.chained({By.xpath: //*[@resource-id ='com.example.svetlana.scheduler:id/login_btn']})
