23:55:27 3029 [Test worker] INFO  - Start find element -->By.xpath: //*[@resource-id = 'com.example.svetlana.scheduler:id/app_version_res']
23:55:28 3600 [Test worker] INFO  - Start find element -->By.chained({By.xpath: //*[@resource-id ='com.example.svetlana.scheduler:id/log_email_input']})
23:55:30 5365 [Test worker] INFO  - Start find element -->By.chained({By.xpath: //*[@resource-id ='com.example.svetlana.scheduler:id/log_email_input']})
23:55:31 6683 [Test worker] INFO  - Start find element -->By.chained({By.xpath: //*[@resource-id ='com.example.svetlana.scheduler:id/log_email_input']})
23:55:33 8576 [Test worker] INFO  - Start find element -->By.chained({By.xpath: //*[@resource-id ='com.example.svetlana.scheduler:id/log_password_input']})
23:55:34 9994 [Test worker] INFO  - Start find element -->By.chained({By.xpath: //*[@resource-id ='com.example.svetlana.scheduler:id/log_password_input']})
23:55:35 10369 [Test worker] INFO  - Start find element -->By.chained({By.xpath: //*[@resource-id ='com.example.svetlana.scheduler:id/log_password_input']})
23:55:41 16569 [Test worker] INFO  - Start find element -->By.chained({By.xpath: //*[@resource-id ='com.example.svetlana.scheduler:id/login_btn']})
23:55:42 17430 [Test worker] INFO  - Start find element -->By.xpath: //*[@resource-id = 'com.example.svetlana.scheduler:id/wizard_settings_skip_container']
23:55:52 27534 [Test worker] INFO  - Start find element -->By.chained({By.xpath: //*[@resource-id = 'com.example.svetlana.scheduler:id/fab_main']})
23:55:53 28654 [Test worker] INFO  - Start find element -->By.chained({By.xpath: //*[@resource-id = 'com.example.svetlana.scheduler:id/fab_add_event']})
23:55:53 29155 [Test worker] INFO  - Start find element -->By.chained({By.xpath: //*[@resource-id ='com.example.svetlana.scheduler:id/info_title_input']})
23:55:57 32321 [Test worker] INFO  - Start find element -->By.chained({By.xpath: //*[@resource-id ='com.example.svetlana.scheduler:id/info_title_input']})
23:55:57 32702 [Test worker] INFO  - Start find element -->By.chained({By.xpath: //*[@resource-id ='com.example.svetlana.scheduler:id/info_title_input']})
23:55:58 34035 [Test worker] INFO  - Start find element -->By.chained({By.xpath: //*[@resource-id ='com.example.svetlana.scheduler:id/info_type_input']})
23:56:00 36160 [Test worker] INFO  - Start find element -->By.chained({By.xpath: //*[@resource-id ='com.example.svetlana.scheduler:id/info_type_input']})
23:56:01 36455 [Test worker] INFO  - Start find element -->By.chained({By.xpath: //*[@resource-id ='com.example.svetlana.scheduler:id/info_type_input']})
23:56:06 41306 [Test worker] INFO  - Start find element -->By.chained({By.xpath: //*[@resource-id ='com.example.svetlana.scheduler:id/info_break_plus_btn']})
23:56:45 80482 [Test worker] INFO  - Start find element -->By.xpath: //*[@resource-id = 'com.example.svetlana.scheduler:id/app_version_res']
23:56:45 80759 [Test worker] INFO  - Start find element -->By.chained({By.xpath: //*[@resource-id ='com.example.svetlana.scheduler:id/log_email_input']})
23:56:50 85426 [Test worker] INFO  - Start find element -->By.chained({By.xpath: //*[@resource-id ='com.example.svetlana.scheduler:id/log_email_input']})
23:56:51 86654 [Test worker] INFO  - Start find element -->By.chained({By.xpath: //*[@resource-id ='com.example.svetlana.scheduler:id/log_email_input']})
23:56:52 88168 [Test worker] INFO  - Start find element -->By.chained({By.xpath: //*[@resource-id ='com.example.svetlana.scheduler:id/log_password_input']})
23:56:53 88859 [Test worker] INFO  - Start find element -->By.chained({By.xpath: //*[@resource-id ='com.example.svetlana.scheduler:id/log_password_input']})
23:56:54 89615 [Test worker] INFO  - Start find element -->By.chained({By.xpath: //*[@resource-id ='com.example.svetlana.scheduler:id/log_password_input']})
23:57:01 96384 [Test worker] INFO  - Start find element -->By.chained({By.xpath: //*[@resource-id ='com.example.svetlana.scheduler:id/login_btn']})
23:57:01 97208 [Test worker] INFO  - Start find element -->By.xpath: //*[@resource-id = 'com.example.svetlana.scheduler:id/wizard_settings_skip_container']
23:57:12 107388 [Test worker] INFO  - Start find element -->By.chained({By.xpath: //*[@resource-id = 'com.example.svetlana.scheduler:id/fab_main']})
23:57:47 143126 [Test worker] INFO  - Start find element -->By.xpath: //*[@resource-id = 'com.example.svetlana.scheduler:id/app_version_res']
23:57:48 143882 [Test worker] INFO  - Start find element -->By.chained({By.xpath: //*[@resource-id ='com.example.svetlana.scheduler:id/log_email_input']})
23:57:52 148177 [Test worker] INFO  - Start find element -->By.chained({By.xpath: //*[@resource-id ='com.example.svetlana.scheduler:id/log_email_input']})
23:57:54 149451 [Test worker] INFO  - Start find element -->By.chained({By.xpath: //*[@resource-id ='com.example.svetlana.scheduler:id/log_email_input']})
23:57:55 150880 [Test worker] INFO  - Start find element -->By.chained({By.xpath: //*[@resource-id ='com.example.svetlana.scheduler:id/log_password_input']})
23:57:57 152421 [Test worker] INFO  - Start find element -->By.chained({By.xpath: //*[@resource-id ='com.example.svetlana.scheduler:id/log_password_input']})
23:57:57 152596 [Test worker] INFO  - Start find element -->By.chained({By.xpath: //*[@resource-id ='com.example.svetlana.scheduler:id/log_password_input']})
23:58:04 159347 [Test worker] INFO  - Start find element -->By.chained({By.xpath: //*[@resource-id ='com.example.svetlana.scheduler:id/login_btn']})
23:58:04 160182 [Test worker] INFO  - Start find element -->By.xpath: //*[@resource-id = 'com.example.svetlana.scheduler:id/wizard_settings_skip_container']
23:58:15 170260 [Test worker] INFO  - Start find element -->By.chained({By.xpath: //*[@resource-id = 'com.example.svetlana.scheduler:id/fab_main']})
23:58:47 202315 [Test worker] INFO  - Start find element -->By.xpath: //*[@resource-id = 'com.example.svetlana.scheduler:id/app_version_res']
23:58:47 202625 [Test worker] INFO  - Start find element -->By.chained({By.xpath: //*[@resource-id ='com.example.svetlana.scheduler:id/log_email_input']})
23:58:52 207397 [Test worker] INFO  - Start find element -->By.chained({By.xpath: //*[@resource-id ='com.example.svetlana.scheduler:id/log_email_input']})
23:58:53 208880 [Test worker] INFO  - Start find element -->By.chained({By.xpath: //*[@resource-id ='com.example.svetlana.scheduler:id/log_email_input']})
23:58:54 209684 [Test worker] INFO  - Start find element -->By.chained({By.xpath: //*[@resource-id ='com.example.svetlana.scheduler:id/log_password_input']})
23:58:55 210503 [Test worker] INFO  - Start find element -->By.chained({By.xpath: //*[@resource-id ='com.example.svetlana.scheduler:id/log_password_input']})
23:58:56 212186 [Test worker] INFO  - Start find element -->By.chained({By.xpath: //*[@resource-id ='com.example.svetlana.scheduler:id/log_password_input']})
23:59:03 218725 [Test worker] INFO  - Start find element -->By.chained({By.xpath: //*[@resource-id ='com.example.svetlana.scheduler:id/login_btn']})
